rm: cannot remove './features_train.pklws_60rank_41': No such file or directory
rm: cannot remove './features_train.pklws_60rank_36'rm: cannot remove './features_train.pklws_60rank_31': No such file or directory
: No such file or directory
rm: cannot remove './features_train.pklws_60rank_39'rm: cannot remove './features_train.pklws_60rank_37': No such file or directory
rm: cannot remove './features_train.pklws_60rank_32'rm: cannot remove './features_train.pklws_60rank_35': No such file or directory
: No such file or directory
: No such file or directory
rm: cannot remove './features_train.pklws_60rank_34'rm: cannot remove './features_train.pklws_60rank_38': No such file or directory
: No such file or directory
rm: cannot remove './features_train.pklws_60rank_33': No such file or directory
rm: cannot remove './features_train.pklws_60rank_45': No such file or directory
rm: cannot remove './features_val.pklws_60rank_26': No such file or directory
rm: cannot remove './features_val.pklws_60rank_21': No such file or directory
rm: cannot remove './features_val.pklws_60rank_20'rm: cannot remove './features_val.pklws_60rank_27': No such file or directory
: No such file or directory
rm: cannot remove './features_val.pklws_60rank_22': No such file or directory
rm: cannot remove './features_val.pklws_60rank_29': No such file or directory
rm: cannot remove './features_val.pklws_60rank_23': No such file or directory
rm: cannot remove './features_test.pklws_60rank_26'rm: cannot remove './features_val.pklws_60rank_24'rm: cannot remove './features_test.pklws_60rank_31': No such file or directory
: No such file or directory
: No such file or directory
rm: cannot remove './features_val.pklws_60rank_28'rm: cannot remove './features_val.pklws_60rank_25': No such file or directory
rm: cannot remove './features_test.pklws_60rank_36': No such file or directory
: No such file or directory
rm: cannot remove './features_test.pklws_60rank_32': No such file or directory
rm: cannot remove './features_test.pklws_60rank_38': No such file or directory
rm: cannot remove './features_test.pklws_60rank_35'rm: cannot remove './features_test.pklws_60rank_20': No such file or directory
rm: cannot remove './features_test.pklws_60rank_27': No such file or directory
rm: cannot remove './features_test.pklws_60rank_22': No such file or directory
: No such file or directory
rm: cannot remove './features_test.pklws_60rank_21'rm: cannot remove './features_test.pklws_60rank_37'rm: cannot remove './features_test.pklws_60rank_34'rm: cannot remove './features_test.pklws_60rank_29': No such file or directory
: No such file or directory
: No such file or directory
rm: cannot remove './features_test.pklws_60rank_39': No such file or directory
rm: cannot remove './features_test.pklws_60rank_24'rm: cannot remove './features_test.pklws_60rank_33'rm: cannot remove './targets_train.pklws_60rank_31': No such file or directory
: No such file or directory
rm: cannot remove './features_test.pklws_60rank_25': No such file or directory
: No such file or directory
: No such file or directory
rm: cannot remove './features_test.pklws_60rank_28'rm: cannot remove './targets_train.pklws_60rank_32'rm: cannot remove './features_test.pklws_60rank_30': No such file or directory
: No such file or directory
: No such file or directory
rm: cannot remove './targets_train.pklws_60rank_36'rm: cannot remove './features_test.pklws_60rank_23': No such file or directory
: No such file or directory
rm: cannot remove './targets_train.pklws_60rank_33'rm: cannot remove './targets_train.pklws_60rank_34'rm: cannot remove './targets_train.pklws_60rank_38'rm: cannot remove './targets_train.pklws_60rank_39'rm: cannot remove './targets_train.pklws_60rank_35'rm: cannot remove './targets_val.pklws_60rank_26': No such file or directory
: No such file or directory
: No such file or directory
: No such file or directory
rm: cannot remove './targets_train.pklws_60rank_37': No such file or directory
: No such file or directory
: No such file or directory
rm: cannot remove './targets_test.pklws_60rank_26': No such file or directory
rm: cannot remove './targets_val.pklws_60rank_21': No such file or directory
rm: cannot remove './targets_val.pklws_60rank_20'rm: cannot remove './targets_test.pklws_60rank_31': No such file or directory
: No such file or directory
rm: cannot remove './targets_test.pklws_60rank_36': No such file or directory
rm: cannot remove './targets_test.pklws_60rank_32'rm: cannot remove './meta_data.pklws_60rank_26'rm: cannot remove './targets_val.pklws_60rank_28': No such file or directory
: No such file or directory
: No such file or directory
rm: cannot remove './targets_val.pklws_60rank_23': No such file or directory
rm: cannot remove './features_train.pklws_60rank_48': No such file or directory
rm: cannot remove './targets_val.pklws_60rank_22': No such file or directory
rm: cannot remove './targets_val.pklws_60rank_27'rm: cannot remove './targets_val.pklws_60rank_25': No such file or directory
rm: cannot remove './targets_val.pklws_60rank_29': No such file or directory
rm: cannot remove './targets_test.pklws_60rank_20': No such file or directory
: No such file or directory
rm: cannot remove './targets_test.pklws_60rank_33'rm: cannot remove './targets_val.pklws_60rank_24': No such file or directory
rm: cannot remove './targets_test.pklws_60rank_38'rm: cannot remove './targets_test.pklws_60rank_39'rm: cannot remove './targets_test.pklws_60rank_34': No such file or directory
rm: cannot remove './targets_test.pklws_60rank_28': No such file or directory
rm: cannot remove './targets_test.pklws_60rank_37': No such file or directory
rm: cannot remove './meta_data.pklws_60rank_36': No such file or directory
: No such file or directory
rm: cannot remove './meta_data.pklws_60rank_31': No such file or directory
rm: cannot remove './targets_test.pklws_60rank_35': No such file or directory
: No such file or directory
: No such file or directory
rm: cannot remove './targets_test.pklws_60rank_21'rm: cannot remove './meta_data.pklws_60rank_32': No such file or directory
: No such file or directory
rm: cannot remove './meta_data.pklws_60rank_28': No such file or directory
rm: cannot remove './targets_test.pklws_60rank_25'rm: cannot remove './targets_test.pklws_60rank_22': No such file or directory
rm: cannot remove './meta_data.pklws_60rank_20': No such file or directory
: No such file or directory
rm: cannot remove './targets_test.pklws_60rank_29'rm: cannot remove './targets_test.pklws_60rank_23': No such file or directory
rm: cannot remove './targets_test.pklws_60rank_27'rm: cannot remove './meta_data.pklws_60rank_35': No such file or directory
: No such file or directory
rm: cannot remove './meta_data.pklws_60rank_21': No such file or directory
: No such file or directory
rm: cannot remove './meta_data.pklws_60rank_33'rm: cannot remove './targets_test.pklws_60rank_30'rm: cannot remove './meta_data.pklws_60rank_37'rm: cannot remove './meta_data.pklws_60rank_38': No such file or directory
: No such file or directory
: No such file or directory
: No such file or directory
rm: cannot remove './meta_data.pklws_60rank_34'rm: cannot remove './targets_test.pklws_60rank_24': No such file or directory
: No such file or directory
rm: cannot remove './meta_data.pklws_60rank_39': No such file or directory
rm: cannot remove './meta_data.pklws_60rank_29': No such file or directory
rm: cannot remove './meta_data.pklws_60rank_25'rm: cannot remove './meta_data.pklws_60rank_23'rm: cannot remove './meta_data.pklws_60rank_27': No such file or directory
rm: cannot remove './meta_data.pklws_60rank_30': No such file or directory
rm: cannot remove './meta_data.pklws_60rank_22': No such file or directory
: No such file or directory
rm: cannot remove './meta_data.pklws_60rank_24': No such file or directory
: No such file or directory
rm: cannot remove './features_train.pklws_60rank_47': No such file or directory
rm: cannot remove './features_train.pklws_60rank_46': No such file or directory
rm: cannot remove './features_train.pklws_60rank_43': No such file or directory
rm: cannot remove './features_train.pklws_60rank_56': No such file or directory
rm: cannot remove './features_train.pklws_60rank_51': No such file or directory
rm: cannot remove './features_train.pklws_60rank_49'rm: cannot remove './features_train.pklws_60rank_59': No such file or directory
: No such file or directory
rm: cannot remove './features_train.pklws_60rank_44': No such file or directory
rm: cannot remove './features_train.pklws_60rank_57'rm: cannot remove './features_val.pklws_60rank_16'rm: cannot remove './features_train.pklws_60rank_53'rm: cannot remove './features_val.pklws_60rank_7': No such file or directory
: No such file or directory
: No such file or directory
rm: cannot remove './features_val.pklws_60rank_11'rm: cannot remove './features_val.pklws_60rank_5': No such file or directory
rm: cannot remove './features_val.pklws_60rank_4': No such file or directory
: No such file or directory
rm: cannot remove './features_val.pklws_60rank_19': No such file or directory
rm: cannot remove './features_val.pklws_60rank_3'rm: cannot remove './features_train.pklws_60rank_50': No such file or directory
rm: cannot remove './features_val.pklws_60rank_14': No such file or directory
: No such file or directory
rm: cannot remove './features_train.pklws_60rank_55': No such file or directory
rm: cannot remove './features_val.pklws_60rank_17': No such file or directory
rm: cannot remove './features_val.pklws_60rank_18': No such file or directory
: No such file or directory
rm: cannot remove './features_val.pklws_60rank_12'rm: cannot remove './features_val.pklws_60rank_6'rm: cannot remove './features_train.pklws_60rank_52': No such file or directory
rm: cannot remove './features_val.pklws_60rank_10': No such file or directory
rm: cannot remove './features_val.pklws_60rank_9': No such file or directory
: No such file or directory
: No such file or directory
rm: cannot remove './features_val.pklws_60rank_1'rm: cannot remove './features_val.pklws_60rank_2': No such file or directory
rm: cannot remove './features_val.pklws_60rank_13'rm: cannot remove './features_val.pklws_60rank_15'rm: cannot remove './features_train.pklws_60rank_40': No such file or directory
: No such file or directory
rm: cannot remove './features_val.pklws_60rank_8': No such file or directory
: No such file or directory
: No such file or directory
rm: cannot remove './features_train.pklws_60rank_54'rm: cannot remove './features_train.pklws_60rank_42'rm: cannot remove './features_test.pklws_60rank_41': No such file or directory
: No such file or directory
: No such file or directory
rm: cannot remove './features_train.pklws_60rank_58': No such file or directory
rm: cannot remove './features_test.pklws_60rank_2': No such file or directory
rm: cannot remove './features_val.pklws_60rank_0': No such file or directory
rm: cannot remove './features_test.pklws_60rank_11': No such file or directory
rm: cannot remove './features_test.pklws_60rank_7': No such file or directory
rm: cannot remove './features_test.pklws_60rank_1': No such file or directory
rm: cannot remove './features_test.pklws_60rank_16': No such file or directory
rm: cannot remove './features_test.pklws_60rank_3'rm: cannot remove './features_test.pklws_60rank_9'rm: cannot remove './features_test.pklws_60rank_17': No such file or directory
: No such file or directory
: No such file or directory
rm: cannot remove './features_test.pklws_60rank_6': No such file or directory
rm: cannot remove './features_test.pklws_60rank_8': No such file or directory
rm: cannot remove './features_test.pklws_60rank_4': No such file or directory
rm: cannot remove './features_test.pklws_60rank_10'rm: cannot remove './features_test.pklws_60rank_13': No such file or directory
rm: cannot remove './features_test.pklws_60rank_14': No such file or directory
rm: cannot remove './features_test.pklws_60rank_18': No such file or directory
: No such file or directory
rm: cannot remove './features_test.pklws_60rank_12': No such file or directory
rm: cannot remove './features_test.pklws_60rank_19': No such file or directory
rm: cannot remove './features_test.pklws_60rank_15': No such file or directory
rm: cannot remove './features_test.pklws_60rank_5': No such file or directory
rm: cannot remove './features_val.pklws_60rank_55': No such file or directory
rm: cannot remove './features_test.pklws_60rank_0': No such file or directory
rm: cannot remove './targets_val.pklws_60rank_2'rm: cannot remove './targets_val.pklws_60rank_16': No such file or directory
: No such file or directory
rm: cannot remove './targets_val.pklws_60rank_19'rm: cannot remove './targets_val.pklws_60rank_15'rm: cannot remove './targets_val.pklws_60rank_11': No such file or directory
rm: cannot remove './targets_val.pklws_60rank_14': No such file or directory
: No such file or directory
rm: cannot remove './targets_val.pklws_60rank_10': No such file or directory
rm: cannot remove './targets_val.pklws_60rank_18'rm: cannot remove './targets_val.pklws_60rank_6': No such file or directory
rm: cannot remove './targets_val.pklws_60rank_3': No such file or directory
: No such file or directory
rm: cannot remove './targets_val.pklws_60rank_8': No such file or directory
rm: cannot remove './targets_val.pklws_60rank_7': No such file or directory
: No such file or directory
rm: cannot remove './targets_val.pklws_60rank_4'rm: cannot remove './targets_val.pklws_60rank_17'rm: cannot remove './targets_val.pklws_60rank_9'rm: cannot remove './targets_val.pklws_60rank_1'rm: cannot remove './targets_val.pklws_60rank_13': No such file or directory
rm: cannot remove './targets_val.pklws_60rank_12': No such file or directory
: No such file or directory
: No such file or directory
: No such file or directory
: No such file or directory
rm: cannot remove './targets_val.pklws_60rank_5': No such file or directory
rm: cannot remove './targets_test.pklws_60rank_9': No such file or directory
rm: cannot remove './targets_test.pklws_60rank_15': No such file or directory
rm: cannot remove './targets_test.pklws_60rank_3': No such file or directory
rm: cannot remove './targets_test.pklws_60rank_11': No such file or directory
rm: cannot remove './targets_test.pklws_60rank_14': No such file or directory
rm: cannot remove './targets_test.pklws_60rank_12': No such file or directory
rm: cannot remove './targets_test.pklws_60rank_19'rm: cannot remove './targets_test.pklws_60rank_8': No such file or directory
rm: cannot remove './targets_test.pklws_60rank_6': No such file or directory
rm: cannot remove './targets_test.pklws_60rank_2'rm: cannot remove './targets_test.pklws_60rank_18'rm: cannot remove './targets_test.pklws_60rank_17'rm: cannot remove './targets_test.pklws_60rank_4': No such file or directory
rm: cannot remove './targets_test.pklws_60rank_5': No such file or directory
: No such file or directory
: No such file or directory
: No such file or directory
: No such file or directory
rm: cannot remove './targets_test.pklws_60rank_16'rm: cannot remove './targets_test.pklws_60rank_10': No such file or directory
rm: cannot remove './targets_test.pklws_60rank_1'rm: cannot remove './targets_val.pklws_60rank_0'rm: cannot remove './targets_test.pklws_60rank_7': No such file or directory
: No such file or directory
rm: cannot remove './targets_test.pklws_60rank_13'rm: cannot remove './meta_data.pklws_60rank_9': No such file or directory
: No such file or directory
: No such file or directory
: No such file or directory
rm: cannot remove './meta_data.pklws_60rank_11': No such file or directory
rm: cannot remove './meta_data.pklws_60rank_15': No such file or directory
rm: cannot remove './meta_data.pklws_60rank_3': No such file or directory
rm: cannot remove './meta_data.pklws_60rank_2'rm: cannot remove './meta_data.pklws_60rank_14': No such file or directory
: No such file or directory
rm: cannot remove './targets_test.pklws_60rank_0': No such file or directory
rm: cannot remove './meta_data.pklws_60rank_4': No such file or directory
rm: cannot remove './meta_data.pklws_60rank_8'rm: cannot remove './meta_data.pklws_60rank_12': No such file or directory
: No such file or directory
rm: cannot remove './meta_data.pklws_60rank_19': No such file or directory
rm: cannot remove './meta_data.pklws_60rank_17': No such file or directory
rm: cannot remove './meta_data.pklws_60rank_6': No such file or directory
rm: cannot remove './meta_data.pklws_60rank_10': No such file or directory
rm: cannot remove './meta_data.pklws_60rank_13': No such file or directory
rm: cannot remove './meta_data.pklws_60rank_18'rm: cannot remove './meta_data.pklws_60rank_5': No such file or directory
rm: cannot remove './meta_data.pklws_60rank_1': No such file or directory
rm: cannot remove './meta_data.pklws_60rank_7': No such file or directory
: No such file or directory
rm: cannot remove './meta_data.pklws_60rank_16': No such file or directory
rm: cannot remove './features_val.pklws_60rank_56'rm: cannot remove './features_val.pklws_60rank_50': No such file or directory
: No such file or directory
rm: cannot remove './features_test.pklws_60rank_45': No such file or directory
rm: cannot remove './features_val.pklws_60rank_51': No such file or directory
rm: cannot remove './features_val.pklws_60rank_49': No such file or directory
rm: cannot remove './features_val.pklws_60rank_59': No such file or directory
rm: cannot remove './features_test.pklws_60rank_44'rm: cannot remove './features_val.pklws_60rank_53'rm: cannot remove './targets_train.pklws_60rank_41'rm: cannot remove './features_val.pklws_60rank_57': No such file or directory
: No such file or directory
: No such file or directory
rm: cannot remove './features_val.pklws_60rank_52'rm: cannot remove './features_val.pklws_60rank_54'rm: cannot remove './features_val.pklws_60rank_58': No such file or directory
: No such file or directory
: No such file or directory
: No such file or directory
rm: cannot remove './features_test.pklws_60rank_47': No such file or directory
rm: cannot remove './features_test.pklws_60rank_43'rm: cannot remove './targets_train.pklws_60rank_48'rm: cannot remove './features_test.pklws_60rank_46': No such file or directory
rm: cannot remove './features_test.pklws_60rank_40': No such file or directory
: No such file or directory
: No such file or directory
rm: cannot remove './targets_train.pklws_60rank_55': No such file or directory
rm: cannot remove './features_test.pklws_60rank_42'rm: cannot remove './targets_train.pklws_60rank_45': No such file or directory
: No such file or directory
rm: cannot remove './targets_train.pklws_60rank_40': No such file or directory
rm: cannot remove './targets_train.pklws_60rank_47'rm: cannot remove './targets_train.pklws_60rank_59': No such file or directory
: No such file or directory
rm: cannot remove './targets_train.pklws_60rank_57'rm: cannot remove './targets_train.pklws_60rank_44': No such file or directory
: No such file or directory
rm: cannot remove './targets_train.pklws_60rank_50'rm: cannot remove './targets_train.pklws_60rank_58': No such file or directory
: No such file or directory
rm: cannot remove './targets_train.pklws_60rank_51'rm: cannot remove './targets_train.pklws_60rank_56': No such file or directory
rm: cannot remove './targets_train.pklws_60rank_43': No such file or directory
rm: cannot remove './targets_val.pklws_60rank_55'rm: cannot remove './targets_train.pklws_60rank_46': No such file or directory
: No such file or directory
: No such file or directory
rm: cannot remove './targets_train.pklws_60rank_54'rm: cannot remove './targets_train.pklws_60rank_42': No such file or directory
: No such file or directory
rm: cannot remove './targets_train.pklws_60rank_53': No such file or directory
rm: cannot remove './targets_train.pklws_60rank_49': No such file or directory
rm: cannot remove './targets_test.pklws_60rank_41'rm: cannot remove './targets_train.pklws_60rank_52': No such file or directory
: No such file or directory
rm: cannot remove './targets_val.pklws_60rank_50': No such file or directory
rm: cannot remove './targets_val.pklws_60rank_53'rm: cannot remove './targets_val.pklws_60rank_57': No such file or directory
rm: cannot remove './targets_test.pklws_60rank_45': No such file or directory
rm: cannot remove './targets_val.pklws_60rank_49'rm: cannot remove './targets_val.pklws_60rank_58': No such file or directory
rm: cannot remove './targets_val.pklws_60rank_59': No such file or directory
: No such file or directory
: No such file or directory
rm: cannot remove './meta_data.pklws_60rank_48'rm: cannot remove './targets_val.pklws_60rank_56': No such file or directory
rm: cannot remove './targets_val.pklws_60rank_51'rm: cannot remove './targets_val.pklws_60rank_54': No such file or directory
: No such file or directory
: No such file or directory
rm: cannot remove './targets_test.pklws_60rank_42': No such file or directory
rm: cannot remove './targets_test.pklws_60rank_43'rm: cannot remove './meta_data.pklws_60rank_41': No such file or directory
rm: cannot remove './targets_test.pklws_60rank_46': No such file or directory
rm: cannot remove './targets_val.pklws_60rank_52': No such file or directory
rm: cannot remove './targets_test.pklws_60rank_40': No such file or directory
: No such file or directory
rm: cannot remove './targets_test.pklws_60rank_47': No such file or directory
rm: cannot remove './meta_data.pklws_60rank_45': No such file or directory
rm: cannot remove './targets_test.pklws_60rank_44'rm: cannot remove './meta_data.pklws_60rank_55': No such file or directory
: No such file or directory
rm: cannot remove './meta_data.pklws_60rank_42'rm: cannot remove './meta_data.pklws_60rank_43': No such file or directory
rm: cannot remove './meta_data.pklws_60rank_47': No such file or directory
: No such file or directory
rm: cannot remove './meta_data.pklws_60rank_56'rm: cannot remove './meta_data.pklws_60rank_46'rm: cannot remove './meta_data.pklws_60rank_50': No such file or directory
: No such file or directory
rm: cannot remove './meta_data.pklws_60rank_40': No such file or directory
: No such file or directory
rm: cannot remove './meta_data.pklws_60rank_49': No such file or directory
rm: cannot remove './meta_data.pklws_60rank_44'rm: cannot remove './meta_data.pklws_60rank_57'rm: cannot remove './meta_data.pklws_60rank_53': No such file or directory
rm: cannot remove './meta_data.pklws_60rank_51': No such file or directory
: No such file or directory
rm: rm: cannot remove './meta_data.pklws_60rank_54'rm: cannot remove './meta_data.pklws_60rank_59'cannot remove './meta_data.pklws_60rank_58': No such file or directory
: No such file or directory
: No such file or directory
: No such file or directory
rm: cannot remove './meta_data.pklws_60rank_52': No such file or directory
