rank:  0 shape of train features:  torch.Size([1315, 5, 6]) shape of train targets:  torch.Size([1315])
rank:  1 shape of train features:  torch.Size([1314, 5, 6]) shape of train targets:  torch.Size([1314])
rank:  2 shape of train features:  torch.Size([1313, 5, 6]) shape of train targets:  torch.Size([1313])
rank:  3 shape of train features:  torch.Size([1316, 5, 6]) shape of train targets:  torch.Size([1316])
rank:  4 shape of train features:  torch.Size([1316, 5, 6]) shape of train targets:  torch.Size([1316])
rank:  5 shape of train features:  torch.Size([1313, 5, 6]) shape of train targets:  torch.Size([1313])
rank:  6 shape of train features:  torch.Size([1315, 5, 6]) shape of train targets:  torch.Size([1315])
rank:  7 shape of train features:  torch.Size([1315, 5, 6]) shape of train targets:  torch.Size([1315])
rank:  8 shape of train features:  torch.Size([1314, 5, 6]) shape of train targets:  torch.Size([1314])
rank:  9 shape of train features:  torch.Size([1316, 5, 6]) shape of train targets:  torch.Size([1316])
rank:  10 shape of train features:  torch.Size([1313, 5, 6]) shape of train targets:  torch.Size([1313])
rank:  11 shape of train features:  torch.Size([1315, 5, 6]) shape of train targets:  torch.Size([1315])
rank:  12 shape of train features:  torch.Size([1311, 5, 6]) shape of train targets:  torch.Size([1311])
rank:  13 shape of train features:  torch.Size([1315, 5, 6]) shape of train targets:  torch.Size([1315])
rank:  14 shape of train features:  torch.Size([1315, 5, 6]) shape of train targets:  torch.Size([1315])
rank:  15 shape of train features:  torch.Size([1313, 5, 6]) shape of train targets:  torch.Size([1313])
rank:  16 shape of train features:  torch.Size([1316, 5, 6]) shape of train targets:  torch.Size([1316])
rank:  17 shape of train features:  torch.Size([1316, 5, 6]) shape of train targets:  torch.Size([1316])
rank:  18 shape of train features:  torch.Size([1313, 5, 6]) shape of train targets:  torch.Size([1313])
rank:  19 shape of train features:  torch.Size([1315, 5, 6]) shape of train targets:  torch.Size([1315])
rank:  20 shape of train features:  torch.Size([1313, 5, 6]) shape of train targets:  torch.Size([1313])
rank:  21 shape of train features:  torch.Size([1312, 5, 6]) shape of train targets:  torch.Size([1312])
rank:  22 shape of train features:  torch.Size([1313, 5, 6]) shape of train targets:  torch.Size([1313])
rank:  23 shape of train features:  torch.Size([1315, 5, 6]) shape of train targets:  torch.Size([1315])
rank:  24 shape of train features:  torch.Size([1316, 5, 6]) shape of train targets:  torch.Size([1316])
rank:  25 shape of train features:  torch.Size([1316, 5, 6]) shape of train targets:  torch.Size([1316])
rank:  26 shape of train features:  torch.Size([1315, 5, 6]) shape of train targets:  torch.Size([1315])
rank:  27 shape of train features:  torch.Size([1315, 5, 6]) shape of train targets:  torch.Size([1315])
rank:  28 shape of train features:  torch.Size([1316, 5, 6]) shape of train targets:  torch.Size([1316])
rank:  29 shape of train features:  torch.Size([1314, 5, 6]) shape of train targets:  torch.Size([1314])
rank:  30 shape of train features:  torch.Size([18, 5, 6]) shape of train targets:  torch.Size([18])
rank:  31 shape of train features:  torch.Size([0]) shape of train targets:  torch.Size([0])
rank:  32 shape of train features:  torch.Size([0]) shape of train targets:  torch.Size([0])
rank:  33 shape of train features:  torch.Size([0]) shape of train targets:  torch.Size([0])
rank:  34 shape of train features:  torch.Size([0]) shape of train targets:  torch.Size([0])
rank:  35 shape of train features:  torch.Size([0]) shape of train targets:  torch.Size([0])
rank:  36 shape of train features:  torch.Size([0]) shape of train targets:  torch.Size([0])
rank:  37 shape of train features:  torch.Size([0]) shape of train targets:  torch.Size([0])
rank:  38 shape of train features:  torch.Size([0]) shape of train targets:  torch.Size([0])
rank:  39 shape of train features:  torch.Size([0]) shape of train targets:  torch.Size([0])
rank:  40 shape of train features:  torch.Size([0]) shape of train targets:  torch.Size([0])
rank:  41 shape of train features:  torch.Size([0]) shape of train targets:  torch.Size([0])
rank:  42 shape of train features:  torch.Size([0]) shape of train targets:  torch.Size([0])
rank:  43 shape of train features:  torch.Size([0]) shape of train targets:  torch.Size([0])
rank:  45 shape of train features:  torch.Size([0]) shape of train targets:  torch.Size([0])
rank:  46 shape of train features:  torch.Size([0]) shape of train targets:  torch.Size([0])
rank:  44 shape of train features:  torch.Size([0]) shape of train targets:  torch.Size([0])
rank:  47 shape of train features:  torch.Size([0]) shape of train targets:  torch.Size([0])
rank:  48 shape of train features:  torch.Size([0]) shape of train targets:  torch.Size([0])
rank:  50 shape of train features:  torch.Size([0]) shape of train targets:  torch.Size([0])
rank:  49 shape of train features:  torch.Size([0]) shape of train targets:  torch.Size([0])
rank:  51 shape of train features:  torch.Size([0]) shape of train targets:  torch.Size([0])
rank:  52 shape of train features:  torch.Size([0]) shape of train targets:  torch.Size([0])
rank:  53 shape of train features:  torch.Size([0]) shape of train targets:  torch.Size([0])
rank:  54 shape of train features:  torch.Size([0]) shape of train targets:  torch.Size([0])
rank:  55 shape of train features:  torch.Size([0]) shape of train targets:  torch.Size([0])
rank:  56 shape of train features:  torch.Size([0]) shape of train targets:  torch.Size([0])
rank:  57 shape of train features:  torch.Size([0]) shape of train targets:  torch.Size([0])
rank:  58 shape of train features:  torch.Size([0]) shape of train targets:  torch.Size([0])
rank:  59 shape of train features:  torch.Size([0]) shape of train targets:  torch.Size([0])
3 : file split finished, begin to combine
6 : file split finished, begin to combine
7 : file split finished, begin to combine
56 : file split finished, begin to combine
57 : file split finished, begin to combine
58 : file split finished, begin to combine
41 : file split finished, begin to combine
42 : file split finished, begin to combine
8 : file split finished, begin to combine
9 : file split finished, begin to combine
17 : file split finished, begin to combine
22 : file split finished, begin to combine
46 : file split finished, begin to combine
51 : file split finished, begin to combine
50 : file split finished, begin to combine
19 : file split finished, begin to combine
4 : file split finished, begin to combine
5 : file split finished, begin to combine
10 : file split finished, begin to combine
11 : file split finished, begin to combine
12 : file split finished, begin to combine
13 : file split finished, begin to combine
14 : file split finished, begin to combine
15 : file split finished, begin to combine
16 : file split finished, begin to combine
18 : file split finished, begin to combine
0 : file split finished, begin to combine
1 : file split finished, begin to combine
2 : file split finished, begin to combine
43 : file split finished, begin to combine
45 : file split finished, begin to combine
44 : file split finished, begin to combine
48 : file split finished, begin to combine
49 : file split finished, begin to combine
52 : file split finished, begin to combine
53 : file split finished, begin to combine
55 : file split finished, begin to combine
40 : file split finished, begin to combine
47 : file split finished, begin to combine
54 : file split finished, begin to combine
27 : file split finished, begin to combine
25 : file split finished, begin to combine
29 : file split finished, begin to combine
35 : file split finished, begin to combine
37 : file split finished, begin to combine
20 : file split finished, begin to combine
21 : file split finished, begin to combine
39 : file split finished, begin to combine
24 : file split finished, begin to combine
26 : file split finished, begin to combine
28 : file split finished, begin to combine
33 : file split finished, begin to combine
34 : file split finished, begin to combine
36 : file split finished, begin to combine
38 : file split finished, begin to combine
23 : file split finished, begin to combine
30 : file split finished, begin to combine
31 : file split finished, begin to combine
32 : file split finished, begin to combine
59 : file split finished, begin to combine
concated shape:  ./features_train.pkl torch.Size([39452, 5, 6])
0  begin normalization
0  finish normalization
concated shape:  ./targets_train.pkl torch.Size([39452])
concated shape:  ./features_test.pkl torch.Size([15731, 5, 6])
0  begin normalization
0  finish normalization
concated shape:  ./targets_test.pkl torch.Size([15731])
concated shape:  ./features_val.pkl torch.Size([23681, 5, 6])
0  begin normalization
0  finish normalization
concated shape:  ./targets_val.pkl torch.Size([23681])
length of valid queues:  5
shape of original adj:  (6, 6)
shape of processed adj:  (5, 5)
